<?xml version="1.0" encoding="UTF-8" standalone="yes"?>
<orient-server>
	<handlers>
        <handler class="com.orientechnologies.orient.graph.handler.OGraphServerHandler">
            <parameters>
                <parameter value="true" name="enabled"/>
                <parameter value="50" name="graph.pool.max"/>
            </parameters>
        </handler>
        <handler class="com.orientechnologies.orient.server.hazelcast.OHazelcastPlugin">
            <parameters>
                <parameter value="${distributed}" name="enabled"/>
                <!-- Under Application Server, ${ORIENTDB_HOME} is defined by "bfa.persistence.orientdb.home" 
                     property in bfa/config.properties -->
                <parameter value="${ORIENTDB_HOME}/config/default-distributed-db-config.json" name="configuration.db.default"/>
                <parameter value="${ORIENTDB_HOME}/config/hazelcast.xml" name="configuration.hazelcast"/>
            </parameters>
        </handler>
        <handler class="com.orientechnologies.orient.server.handler.OJMXPlugin">
            <parameters>
                <parameter value="false" name="enabled"/>
                <parameter value="true" name="profilerManaged"/>
            </parameters>
        </handler>
        <handler class="com.orientechnologies.orient.server.handler.OAutomaticBackup">
            <parameters>
                <parameter value="false" name="enabled"/>
                <parameter value="4h" name="delay"/>
                <parameter value="23:00:00" name="firstTime"/>
                <parameter value="backup" name="target.directory"/>
                <parameter value="${DBNAME}-${DATE:yyyyMMddHHmmss}.zip" name="target.fileName"/>
                <parameter value="9" name="compressionLevel"/>
                <parameter value="1048576" name="bufferSize"/>
                <parameter value="" name="db.include"/>
                <parameter value="" name="db.exclude"/>
            </parameters>
        </handler>
        <handler class="com.orientechnologies.orient.server.handler.OServerSideScriptInterpreter">
            <parameters>
                <parameter value="true" name="enabled"/>
                <parameter value="SQL" name="allowedLanguages"/>
            </parameters>
        </handler>
        <handler class="com.orientechnologies.orient.server.token.OrientTokenHandler">
            <parameters>
                <parameter value="false" name="enabled"/>
                <parameter value="" name="oAuth2Key"/>
                <parameter value="60" name="sessionLength"/>
                <parameter value="HmacSHA256" name="encryptionAlgorithm"/>
            </parameters>
        </handler>
        <handler class="com.orientechnologies.orient.server.plugin.livequery.OLiveQueryPlugin">
            <parameters>
                <parameter value="false" name="enabled"/>
            </parameters>
        </handler>
    </handlers>
	<network>
		<protocols>
			<protocol name="binary"
				implementation="com.orientechnologies.orient.server.network.protocol.binary.ONetworkProtocolBinary" />
			<protocol name="http"
				implementation="com.orientechnologies.orient.server.network.protocol.http.ONetworkProtocolHttpDb" />
		</protocols>
		<listeners>
			<listener ip-address="0.0.0.0" port-range="2424-2430"
				protocol="binary" />
			<listener protocol="http" port-range="2480-2490" ip-address="0.0.0.0">
				<commands>
					<command
						implementation="com.orientechnologies.orient.server.network.protocol.http.command.get.OServerCommandGetStaticContent"
						pattern="GET|www GET|studio/ GET| GET|*.htm GET|*.html GET|*.xml GET|*.jpeg GET|*.jpg GET|*.png GET|*.gif GET|*.js GET|*.css GET|*.swf GET|*.ico GET|*.txt GET|*.otf GET|*.pjs GET|*.svg">
						<parameters>
							<entry
								value="Cache-Control: no-cache, no-store, max-age=0, must-revalidate\r\nPragma: no-cache"
								name="http.cache:*.htm *.html" />
							<entry value="Cache-Control: max-age=120" name="http.cache:default" />
						</parameters>
					</command>
				</commands>
			</listener>

		</listeners>
	</network>
	<users>
		<user name="root" password="root" resources="*" />
	</users>
	<properties>
		<entry name="server.database.path" value="src/test/resources/database/orientdb/databases" />
        
        <entry value="1" name="db.pool.min"/>
        <entry value="50" name="db.pool.max"/>
        <entry value="true" name="profiler.enabled"/>
        <entry value="info" name="log.console.level"/>
        <entry value="fine" name="log.file.level"/>
        <!-- The following property must be set to "false" in case when ORIENTDB_HOME environment var is not set. 
        	This will eliminate an error or warning "Error on resolving property: ORIENTDB_HOME" -->
		<entry name="plugin.dynamic" value="true" />
    </properties>
</orient-server>